[15-Oct-2015 15:25:31 UTC] PHP Warning:  PHP Startup: Unable to load dynamic library '/usr/local/lib/php/extensions/no-debug-non-zts-20131226/mongo.so' - /usr/local/lib/php/extensions/no-debug-non-zts-20131226/mongo.so: cannot open shared object file: No such file or directory in Unknown on line 0
[15-Oct-2015 17:15:08 UTC] PHP Fatal error:  Uncaught exception 'UnexpectedValueException' with message 'The stream or file "/src/storage/logs/laravel.log" could not be opened: failed to open stream: Permission denied' in /src/vendor/monolog/monolog/src/Monolog/Handler/StreamHandler.php:87
Stack trace:
#0 /src/vendor/monolog/monolog/src/Monolog/Handler/AbstractProcessingHandler.php(37): Monolog\Handler\StreamHandler->write(Array)
#1 /src/vendor/monolog/monolog/src/Monolog/Logger.php(289): Monolog\Handler\AbstractProcessingHandler->handle(Array)
#2 /src/vendor/monolog/monolog/src/Monolog/Logger.php(565): Monolog\Logger->addRecord(400, Object(UnexpectedValueException), Array)
#3 /src/vendor/laravel/framework/src/Illuminate/Foundation/Exceptions/Handler.php(49): Monolog\Logger->error(Object(UnexpectedValueException))
#4 /src/app/Exceptions/Handler.php(33): Illuminate\Foundation\Exceptions\Handler->report(Object(UnexpectedValueException))
#5 /src/vendor/laravel/framework/src/Illuminate/Foundation/Bootstrap/HandleExceptions.php(79): App\Exceptions\Handler->r in /src/vendor/monolog/monolog/src/Monolog/Handler/StreamHandler.php on line 87
[15-Oct-2015 17:15:08 UTC] PHP Fatal error:  Uncaught exception 'UnexpectedValueException' with message 'The stream or file "/src/storage/logs/laravel.log" could not be opened: failed to open stream: Permission denied' in /src/vendor/monolog/monolog/src/Monolog/Handler/StreamHandler.php:87
Stack trace:
#0 /src/vendor/monolog/monolog/src/Monolog/Handler/AbstractProcessingHandler.php(37): Monolog\Handler\StreamHandler->write(Array)
#1 /src/vendor/monolog/monolog/src/Monolog/Logger.php(289): Monolog\Handler\AbstractProcessingHandler->handle(Array)
#2 /src/vendor/monolog/monolog/src/Monolog/Logger.php(565): Monolog\Logger->addRecord(400, Object(Symfony\Component\Debug\Exception\FatalErrorException), Array)
#3 /src/vendor/laravel/framework/src/Illuminate/Foundation/Exceptions/Handler.php(49): Monolog\Logger->error(Object(Symfony\Component\Debug\Exception\FatalErrorException))
#4 /src/app/Exceptions/Handler.php(33): Illuminate\Foundation\Exceptions\Handler->report(Object(Symfony\Component\Debug\Exception\FatalErrorException))
#5 /src/vendor/laravel/framework/ in /src/vendor/monolog/monolog/src/Monolog/Handler/StreamHandler.php on line 87
[15-Oct-2015 17:15:14 UTC] PHP Fatal error:  Uncaught exception 'UnexpectedValueException' with message 'The stream or file "/src/storage/logs/laravel.log" could not be opened: failed to open stream: Permission denied' in /src/vendor/monolog/monolog/src/Monolog/Handler/StreamHandler.php:87
Stack trace:
#0 /src/vendor/monolog/monolog/src/Monolog/Handler/AbstractProcessingHandler.php(37): Monolog\Handler\StreamHandler->write(Array)
#1 /src/vendor/monolog/monolog/src/Monolog/Logger.php(289): Monolog\Handler\AbstractProcessingHandler->handle(Array)
#2 /src/vendor/monolog/monolog/src/Monolog/Logger.php(565): Monolog\Logger->addRecord(400, Object(UnexpectedValueException), Array)
#3 /src/vendor/laravel/framework/src/Illuminate/Foundation/Exceptions/Handler.php(49): Monolog\Logger->error(Object(UnexpectedValueException))
#4 /src/app/Exceptions/Handler.php(33): Illuminate\Foundation\Exceptions\Handler->report(Object(UnexpectedValueException))
#5 /src/vendor/laravel/framework/src/Illuminate/Foundation/Bootstrap/HandleExceptions.php(79): App\Exceptions\Handler->r in /src/vendor/monolog/monolog/src/Monolog/Handler/StreamHandler.php on line 87
[15-Oct-2015 17:15:14 UTC] PHP Fatal error:  Uncaught exception 'UnexpectedValueException' with message 'The stream or file "/src/storage/logs/laravel.log" could not be opened: failed to open stream: Permission denied' in /src/vendor/monolog/monolog/src/Monolog/Handler/StreamHandler.php:87
Stack trace:
#0 /src/vendor/monolog/monolog/src/Monolog/Handler/AbstractProcessingHandler.php(37): Monolog\Handler\StreamHandler->write(Array)
#1 /src/vendor/monolog/monolog/src/Monolog/Logger.php(289): Monolog\Handler\AbstractProcessingHandler->handle(Array)
#2 /src/vendor/monolog/monolog/src/Monolog/Logger.php(565): Monolog\Logger->addRecord(400, Object(Symfony\Component\Debug\Exception\FatalErrorException), Array)
#3 /src/vendor/laravel/framework/src/Illuminate/Foundation/Exceptions/Handler.php(49): Monolog\Logger->error(Object(Symfony\Component\Debug\Exception\FatalErrorException))
#4 /src/app/Exceptions/Handler.php(33): Illuminate\Foundation\Exceptions\Handler->report(Object(Symfony\Component\Debug\Exception\FatalErrorException))
#5 /src/vendor/laravel/framework/ in /src/vendor/monolog/monolog/src/Monolog/Handler/StreamHandler.php on line 87
[15-Oct-2015 17:15:47 UTC] PHP Fatal error:  Uncaught exception 'UnexpectedValueException' with message 'The stream or file "/src/storage/logs/laravel.log" could not be opened: failed to open stream: Permission denied' in /src/vendor/monolog/monolog/src/Monolog/Handler/StreamHandler.php:87
Stack trace:
#0 /src/vendor/monolog/monolog/src/Monolog/Handler/AbstractProcessingHandler.php(37): Monolog\Handler\StreamHandler->write(Array)
#1 /src/vendor/monolog/monolog/src/Monolog/Logger.php(289): Monolog\Handler\AbstractProcessingHandler->handle(Array)
#2 /src/vendor/monolog/monolog/src/Monolog/Logger.php(565): Monolog\Logger->addRecord(400, Object(UnexpectedValueException), Array)
#3 /src/vendor/laravel/framework/src/Illuminate/Foundation/Exceptions/Handler.php(49): Monolog\Logger->error(Object(UnexpectedValueException))
#4 /src/app/Exceptions/Handler.php(33): Illuminate\Foundation\Exceptions\Handler->report(Object(UnexpectedValueException))
#5 /src/vendor/laravel/framework/src/Illuminate/Foundation/Bootstrap/HandleExceptions.php(79): App\Exceptions\Handler->r in /src/vendor/monolog/monolog/src/Monolog/Handler/StreamHandler.php on line 87
[15-Oct-2015 17:15:47 UTC] PHP Fatal error:  Uncaught exception 'UnexpectedValueException' with message 'The stream or file "/src/storage/logs/laravel.log" could not be opened: failed to open stream: Permission denied' in /src/vendor/monolog/monolog/src/Monolog/Handler/StreamHandler.php:87
Stack trace:
#0 /src/vendor/monolog/monolog/src/Monolog/Handler/AbstractProcessingHandler.php(37): Monolog\Handler\StreamHandler->write(Array)
#1 /src/vendor/monolog/monolog/src/Monolog/Logger.php(289): Monolog\Handler\AbstractProcessingHandler->handle(Array)
#2 /src/vendor/monolog/monolog/src/Monolog/Logger.php(565): Monolog\Logger->addRecord(400, Object(Symfony\Component\Debug\Exception\FatalErrorException), Array)
#3 /src/vendor/laravel/framework/src/Illuminate/Foundation/Exceptions/Handler.php(49): Monolog\Logger->error(Object(Symfony\Component\Debug\Exception\FatalErrorException))
#4 /src/app/Exceptions/Handler.php(33): Illuminate\Foundation\Exceptions\Handler->report(Object(Symfony\Component\Debug\Exception\FatalErrorException))
#5 /src/vendor/laravel/framework/ in /src/vendor/monolog/monolog/src/Monolog/Handler/StreamHandler.php on line 87
[15-Oct-2015 17:22:36 UTC] PHP Fatal error:  Uncaught exception 'UnexpectedValueException' with message 'The stream or file "/src/storage/logs/laravel.log" could not be opened: failed to open stream: Permission denied' in /src/vendor/monolog/monolog/src/Monolog/Handler/StreamHandler.php:87
Stack trace:
#0 /src/vendor/monolog/monolog/src/Monolog/Handler/AbstractProcessingHandler.php(37): Monolog\Handler\StreamHandler->write(Array)
#1 /src/vendor/monolog/monolog/src/Monolog/Logger.php(289): Monolog\Handler\AbstractProcessingHandler->handle(Array)
#2 /src/vendor/monolog/monolog/src/Monolog/Logger.php(565): Monolog\Logger->addRecord(400, Object(UnexpectedValueException), Array)
#3 /src/vendor/laravel/framework/src/Illuminate/Foundation/Exceptions/Handler.php(49): Monolog\Logger->error(Object(UnexpectedValueException))
#4 /src/app/Exceptions/Handler.php(33): Illuminate\Foundation\Exceptions\Handler->report(Object(UnexpectedValueException))
#5 /src/vendor/laravel/framework/src/Illuminate/Foundation/Bootstrap/HandleExceptions.php(79): App\Exceptions\Handler->r in /src/vendor/monolog/monolog/src/Monolog/Handler/StreamHandler.php on line 87
[15-Oct-2015 17:22:36 UTC] PHP Fatal error:  Uncaught exception 'UnexpectedValueException' with message 'The stream or file "/src/storage/logs/laravel.log" could not be opened: failed to open stream: Permission denied' in /src/vendor/monolog/monolog/src/Monolog/Handler/StreamHandler.php:87
Stack trace:
#0 /src/vendor/monolog/monolog/src/Monolog/Handler/AbstractProcessingHandler.php(37): Monolog\Handler\StreamHandler->write(Array)
#1 /src/vendor/monolog/monolog/src/Monolog/Logger.php(289): Monolog\Handler\AbstractProcessingHandler->handle(Array)
#2 /src/vendor/monolog/monolog/src/Monolog/Logger.php(565): Monolog\Logger->addRecord(400, Object(Symfony\Component\Debug\Exception\FatalErrorException), Array)
#3 /src/vendor/laravel/framework/src/Illuminate/Foundation/Exceptions/Handler.php(49): Monolog\Logger->error(Object(Symfony\Component\Debug\Exception\FatalErrorException))
#4 /src/app/Exceptions/Handler.php(33): Illuminate\Foundation\Exceptions\Handler->report(Object(Symfony\Component\Debug\Exception\FatalErrorException))
#5 /src/vendor/laravel/framework/ in /src/vendor/monolog/monolog/src/Monolog/Handler/StreamHandler.php on line 87
[15-Oct-2015 17:24:43 UTC] PHP Warning:  PHP Startup: Unable to load dynamic library '/usr/local/lib/php/extensions/no-debug-non-zts-20131226/mongo.so' - /usr/local/lib/php/extensions/no-debug-non-zts-20131226/mongo.so: cannot open shared object file: No such file or directory in Unknown on line 0
[15-Oct-2015 17:28:20 UTC] PHP Warning:  PHP Startup: Unable to load dynamic library '/usr/local/lib/php/extensions/no-debug-non-zts-20131226/mongo.so' - /usr/local/lib/php/extensions/no-debug-non-zts-20131226/mongo.so: cannot open shared object file: No such file or directory in Unknown on line 0
[17-Oct-2015 17:31:46 UTC] PHP Warning:  PHP Startup: Unable to load dynamic library '/usr/local/lib/php/extensions/no-debug-non-zts-20131226/mongo.so' - /usr/local/lib/php/extensions/no-debug-non-zts-20131226/mongo.so: cannot open shared object file: No such file or directory in Unknown on line 0
[17-Oct-2015 17:32:04 UTC] PHP Warning:  PHP Startup: Unable to load dynamic library '/usr/local/lib/php/extensions/no-debug-non-zts-20131226/mongo.so' - /usr/local/lib/php/extensions/no-debug-non-zts-20131226/mongo.so: cannot open shared object file: No such file or directory in Unknown on line 0
[17-Oct-2015 17:33:19 UTC] PHP Warning:  PHP Startup: Unable to load dynamic library '/usr/local/lib/php/extensions/no-debug-non-zts-20131226/mongo.so' - /usr/local/lib/php/extensions/no-debug-non-zts-20131226/mongo.so: cannot open shared object file: No such file or directory in Unknown on line 0
[17-Oct-2015 17:33:22 UTC] PHP Warning:  PHP Startup: Unable to load dynamic library '/usr/local/lib/php/extensions/no-debug-non-zts-20131226/mongo.so' - /usr/local/lib/php/extensions/no-debug-non-zts-20131226/mongo.so: cannot open shared object file: No such file or directory in Unknown on line 0
[17-Oct-2015 17:33:31 UTC] PHP Warning:  PHP Startup: Unable to load dynamic library '/usr/local/lib/php/extensions/no-debug-non-zts-20131226/mongo.so' - /usr/local/lib/php/extensions/no-debug-non-zts-20131226/mongo.so: cannot open shared object file: No such file or directory in Unknown on line 0
[17-Oct-2015 17:33:34 UTC] PHP Warning:  PHP Startup: Unable to load dynamic library '/usr/local/lib/php/extensions/no-debug-non-zts-20131226/mongo.so' - /usr/local/lib/php/extensions/no-debug-non-zts-20131226/mongo.so: cannot open shared object file: No such file or directory in Unknown on line 0
[17-Oct-2015 17:33:38 UTC] PHP Warning:  PHP Startup: Unable to load dynamic library '/usr/local/lib/php/extensions/no-debug-non-zts-20131226/mongo.so' - /usr/local/lib/php/extensions/no-debug-non-zts-20131226/mongo.so: cannot open shared object file: No such file or directory in Unknown on line 0
[17-Oct-2015 17:34:49 UTC] PHP Warning:  PHP Startup: Unable to load dynamic library '/usr/local/lib/php/extensions/no-debug-non-zts-20131226/mongo.so' - /usr/local/lib/php/extensions/no-debug-non-zts-20131226/mongo.so: cannot open shared object file: No such file or directory in Unknown on line 0
[17-Oct-2015 17:34:51 UTC] PHP Warning:  PHP Startup: Unable to load dynamic library '/usr/local/lib/php/extensions/no-debug-non-zts-20131226/mongo.so' - /usr/local/lib/php/extensions/no-debug-non-zts-20131226/mongo.so: cannot open shared object file: No such file or directory in Unknown on line 0
[17-Oct-2015 17:34:53 UTC] PHP Warning:  PHP Startup: Unable to load dynamic library '/usr/local/lib/php/extensions/no-debug-non-zts-20131226/mongo.so' - /usr/local/lib/php/extensions/no-debug-non-zts-20131226/mongo.so: cannot open shared object file: No such file or directory in Unknown on line 0
[17-Oct-2015 17:35:54 UTC] PHP Warning:  PHP Startup: Unable to load dynamic library '/usr/local/lib/php/extensions/no-debug-non-zts-20131226/mongo.so' - /usr/local/lib/php/extensions/no-debug-non-zts-20131226/mongo.so: cannot open shared object file: No such file or directory in Unknown on line 0
[17-Oct-2015 17:38:10 UTC] PHP Warning:  PHP Startup: Unable to load dynamic library '/usr/local/lib/php/extensions/no-debug-non-zts-20131226/mongo.so' - /usr/local/lib/php/extensions/no-debug-non-zts-20131226/mongo.so: cannot open shared object file: No such file or directory in Unknown on line 0
[17-Oct-2015 17:38:16 UTC] PHP Warning:  PHP Startup: Unable to load dynamic library '/usr/local/lib/php/extensions/no-debug-non-zts-20131226/mongo.so' - /usr/local/lib/php/extensions/no-debug-non-zts-20131226/mongo.so: cannot open shared object file: No such file or directory in Unknown on line 0
[18-Oct-2015 06:16:01 UTC] PHP Parse error:  syntax error, unexpected 'class' (T_CLASS) in /src/app/Http/Controllers/HomeController.php on line 14
[18-Oct-2015 06:19:38 UTC] PHP Fatal error:  Class 'Illuminate\Model' not found in /src/app/Models/WorstThing.php on line 8
[18-Oct-2015 06:39:42 UTC] PHP Fatal error:  Class 'App\Repositories\Postgres\WorstThing' not found in /src/app/Repositories/Postgres/WorstThingRepository.php on line 10
[18-Oct-2015 06:40:48 UTC] PHP Parse error:  syntax error, unexpected 'class' (T_CLASS), expecting ',' or ';' in /src/app/Repositories/Postgres/WorstThingRepository.php on line 8
[18-Oct-2015 07:32:45 UTC] PHP Parse error:  syntax error, unexpected 'WorstThingRepositoryInterface' (T_STRING), expecting class (T_CLASS) in /src/app/Repositories/Interfaces/WorstThingRepositoryInterface.php on line 6
[18-Oct-2015 07:36:57 UTC] PHP Fatal error:  App\Repositories\Postgres\WorstThingRepository cannot implement App\Repositories\Interfaces\WorstThingRepositoryInterface - it is not an interface in /src/app/Repositories/Postgres/WorstThingRepository.php on line 9
[18-Oct-2015 08:18:15 UTC] PHP Fatal error:  Class 'App\Http\Controllers\Log' not found in /src/app/Http/Controllers/HomeController.php on line 39
[18-Oct-2015 08:19:53 UTC] PHP Fatal error:  Class 'App\Http\Controllers\Log' not found in /src/app/Http/Controllers/HomeController.php on line 38
[18-Oct-2015 11:40:30 UTC] PHP Parse error:  syntax error, unexpected ')' in /src/app/Repositories/Postgres/WorstThingRepository.php on line 23
[18-Oct-2015 11:41:03 UTC] PHP Parse error:  syntax error, unexpected ')' in /src/app/Repositories/Postgres/WorstThingRepository.php on line 23
[18-Oct-2015 11:41:04 UTC] PHP Parse error:  syntax error, unexpected ')' in /src/app/Repositories/Postgres/WorstThingRepository.php on line 23
[18-Oct-2015 11:41:24 UTC] PHP Parse error:  syntax error, unexpected ')' in /src/app/Repositories/Postgres/WorstThingRepository.php on line 23
[18-Oct-2015 11:44:51 UTC] PHP Parse error:  syntax error, unexpected ')' in /src/app/Repositories/Postgres/WorstThingRepository.php on line 24
[18-Oct-2015 11:45:35 UTC] PHP Parse error:  syntax error, unexpected ')' in /src/app/Repositories/Postgres/WorstThingRepository.php on line 24
[18-Oct-2015 11:45:46 UTC] PHP Parse error:  syntax error, unexpected ')' in /src/app/Repositories/Postgres/WorstThingRepository.php on line 31
[18-Oct-2015 12:07:56 UTC] PHP Parse error:  syntax error, unexpected 'private' (T_PRIVATE), expecting ',' or ';' in /src/app/Models/WorstThing.php on line 15
[18-Oct-2015 12:08:26 UTC] PHP Parse error:  syntax error, unexpected '}' in /src/app/Models/WorstThing.php on line 28
[18-Oct-2015 12:08:35 UTC] PHP Fatal error:  Class 'App\Repositories\Postgres\Image' not found in /src/app/Repositories/Postgres/WorstThingRepository.php on line 21
[18-Oct-2015 12:09:40 UTC] PHP Parse error:  syntax error, unexpected 'private' (T_PRIVATE), expecting ',' or ';' in /src/app/Models/Image.php on line 9
[18-Oct-2015 12:11:03 UTC] PHP Parse error:  syntax error, unexpected 'private' (T_PRIVATE), expecting ',' or ';' in /src/app/Models/Image.php on line 9
[18-Oct-2015 12:11:09 UTC] PHP Fatal error:  Class 'App\Repositories\Postgres\WorstThingPoster' not found in /src/app/Repositories/Postgres/WorstThingRepository.php on line 23
[18-Oct-2015 12:13:20 UTC] PHP Fatal error:  Class 'App\Repositories\Postgres\WorstThingPoster' not found in /src/app/Repositories/Postgres/WorstThingRepository.php on line 23
[18-Oct-2015 12:13:52 UTC] PHP Fatal error:  Class 'App\Models\DateTime' not found in /src/app/Models/WorstThing.php on line 45
[18-Oct-2015 12:19:42 UTC] PHP Parse error:  syntax error, unexpected '->' (T_OBJECT_OPERATOR) in /src/storage/framework/views/8847406dfb18cad6aa3e23044857af8c on line 18
[18-Oct-2015 12:20:22 UTC] PHP Parse error:  syntax error, unexpected '->' (T_OBJECT_OPERATOR) in /src/storage/framework/views/8847406dfb18cad6aa3e23044857af8c on line 18
[18-Oct-2015 12:21:07 UTC] PHP Parse error:  syntax error, unexpected '->' (T_OBJECT_OPERATOR) in /src/storage/framework/views/8847406dfb18cad6aa3e23044857af8c on line 18
